<?xml version="1.0" encoding="UTF-8"?>
<!-- Generated by org.testng.reporters.JUnitXMLReporter -->
<testsuite ignored="0" hostname="DESKTOP-5UM4KGC" failures="0" tests="3" name="Test" time="9.424" errors="0" timestamp="2024-07-24T20:08:35 IST">
  <testcase classname="shoppingCart.shoppingCart.shopingcartTest" name="openurl" time="7.846"/>
  <testcase classname="shoppingCart.shoppingCart.shopingcartTest" name="loginwithregisteruser" time="0.688"/>
  <testcase classname="shoppingCart.shoppingCart.shopingcartTest" name="addingCart" time="0.689"/>
</testsuite> <!-- Test -->
